{"/home/igor/projetos_trybe/sd-04-project-trybeer-v2/front-end/src/App.js": {"path":"/home/igor/projetos_trybe/sd-04-project-trybeer-v2/front-end/src/App.js","statementMap":{"0":{"start":{"line":7,"column":2},"end":{"line":11,"column":4}}},"fnMap":{"0":{"name":"App","decl":{"start":{"line":6,"column":9},"end":{"line":6,"column":12}},"loc":{"start":{"line":6,"column":15},"end":{"line":12,"column":1}},"line":6}},"branchMap":{},"s":{"0":0},"f":{"0":0},"b":{},"hash":"9f57010183470ea17307665517cafa6c552b23b1"}
,"/home/igor/projetos_trybe/sd-04-project-trybeer-v2/front-end/src/routes.js": {"path":"/home/igor/projetos_trybe/sd-04-project-trybeer-v2/front-end/src/routes.js","statementMap":{"0":{"start":{"line":21,"column":15},"end":{"line":46,"column":1}},"1":{"start":{"line":22,"column":2},"end":{"line":45,"column":11}}},"fnMap":{"0":{"name":"(anonymous_0)","decl":{"start":{"line":21,"column":15},"end":{"line":21,"column":16}},"loc":{"start":{"line":22,"column":2},"end":{"line":45,"column":11}},"line":22}},"branchMap":{},"s":{"0":0,"1":0},"f":{"0":0},"b":{},"hash":"14afa7214bcba0ec459f0b3169d77b7aaa084182"}
,"/home/igor/projetos_trybe/sd-04-project-trybeer-v2/front-end/src/components/CardAdmOrders.jsx": {"path":"/home/igor/projetos_trybe/sd-04-project-trybeer-v2/front-end/src/components/CardAdmOrders.jsx","statementMap":{"0":{"start":{"line":6,"column":18},"end":{"line":6,"column":72}},"1":{"start":{"line":6,"column":36},"end":{"line":6,"column":72}},"2":{"start":{"line":7,"column":13},"end":{"line":7,"column":14}},"3":{"start":{"line":9,"column":18},"end":{"line":33,"column":1}},"4":{"start":{"line":12,"column":18},"end":{"line":12,"column":30}},"5":{"start":{"line":13,"column":23},"end":{"line":13,"column":77}},"6":{"start":{"line":14,"column":23},"end":{"line":14,"column":32}},"7":{"start":{"line":15,"column":14},"end":{"line":15,"column":36}},"8":{"start":{"line":17,"column":2},"end":{"line":32,"column":4}},"9":{"start":{"line":18,"column":66},"end":{"line":18,"column":89}},"10":{"start":{"line":35,"column":0},"end":{"line":44,"column":2}}},"fnMap":{"0":{"name":"(anonymous_0)","decl":{"start":{"line":6,"column":18},"end":{"line":6,"column":19}},"loc":{"start":{"line":6,"column":36},"end":{"line":6,"column":72}},"line":6},"1":{"name":"(anonymous_1)","decl":{"start":{"line":9,"column":18},"end":{"line":9,"column":19}},"loc":{"start":{"line":11,"column":6},"end":{"line":33,"column":1}},"line":11},"2":{"name":"(anonymous_2)","decl":{"start":{"line":18,"column":60},"end":{"line":18,"column":61}},"loc":{"start":{"line":18,"column":66},"end":{"line":18,"column":89}},"line":18}},"branchMap":{},"s":{"0":0,"1":0,"2":0,"3":0,"4":0,"5":0,"6":0,"7":0,"8":0,"9":0,"10":0},"f":{"0":0,"1":0,"2":0},"b":{},"hash":"f7eabfceb853985ea0d9e11c0d7518128d0c64a5"}
,"/home/igor/projetos_trybe/sd-04-project-trybeer-v2/front-end/src/components/Cart.jsx": {"path":"/home/igor/projetos_trybe/sd-04-project-trybeer-v2/front-end/src/components/Cart.jsx","statementMap":{"0":{"start":{"line":5,"column":26},"end":{"line":5,"column":48}},"1":{"start":{"line":7,"column":2},"end":{"line":26,"column":4}},"2":{"start":{"line":12,"column":8},"end":{"line":22,"column":12}}},"fnMap":{"0":{"name":"Cart","decl":{"start":{"line":4,"column":9},"end":{"line":4,"column":13}},"loc":{"start":{"line":4,"column":16},"end":{"line":27,"column":1}},"line":4},"1":{"name":"(anonymous_1)","decl":{"start":{"line":11,"column":16},"end":{"line":11,"column":17}},"loc":{"start":{"line":12,"column":8},"end":{"line":22,"column":12}},"line":12}},"branchMap":{},"s":{"0":0,"1":0,"2":0},"f":{"0":0,"1":0},"b":{},"hash":"01cb848a87e6e5e2ca5627adadfde2f2d7fcfe30"}
,"/home/igor/projetos_trybe/sd-04-project-trybeer-v2/front-end/src/components/ClientBar.jsx": {"path":"/home/igor/projetos_trybe/sd-04-project-trybeer-v2/front-end/src/components/ClientBar.jsx","statementMap":{"0":{"start":{"line":6,"column":14},"end":{"line":6,"column":19}},"1":{"start":{"line":8,"column":19},"end":{"line":22,"column":1}},"2":{"start":{"line":9,"column":18},"end":{"line":9,"column":59}},"3":{"start":{"line":10,"column":21},"end":{"line":10,"column":66}},"4":{"start":{"line":12,"column":2},"end":{"line":17,"column":3}},"5":{"start":{"line":13,"column":4},"end":{"line":13,"column":34}},"6":{"start":{"line":14,"column":4},"end":{"line":14,"column":37}},"7":{"start":{"line":15,"column":4},"end":{"line":15,"column":19}},"8":{"start":{"line":16,"column":4},"end":{"line":16,"column":16}},"9":{"start":{"line":18,"column":2},"end":{"line":18,"column":35}},"10":{"start":{"line":19,"column":2},"end":{"line":19,"column":38}},"11":{"start":{"line":20,"column":2},"end":{"line":20,"column":18}},"12":{"start":{"line":21,"column":2},"end":{"line":21,"column":14}},"13":{"start":{"line":24,"column":18},"end":{"line":35,"column":1}},"14":{"start":{"line":25,"column":2},"end":{"line":27,"column":3}},"15":{"start":{"line":26,"column":4},"end":{"line":26,"column":25}},"16":{"start":{"line":28,"column":2},"end":{"line":28,"column":20}},"17":{"start":{"line":29,"column":2},"end":{"line":32,"column":3}},"18":{"start":{"line":30,"column":4},"end":{"line":30,"column":38}},"19":{"start":{"line":31,"column":4},"end":{"line":31,"column":37}},"20":{"start":{"line":33,"column":2},"end":{"line":33,"column":18}},"21":{"start":{"line":34,"column":2},"end":{"line":34,"column":14}},"22":{"start":{"line":37,"column":18},"end":{"line":75,"column":1}},"23":{"start":{"line":38,"column":2},"end":{"line":74,"column":8}},"24":{"start":{"line":45,"column":24},"end":{"line":45,"column":52}},"25":{"start":{"line":53,"column":24},"end":{"line":53,"column":53}},"26":{"start":{"line":61,"column":24},"end":{"line":61,"column":51}},"27":{"start":{"line":70,"column":22},"end":{"line":70,"column":50}},"28":{"start":{"line":77,"column":15},"end":{"line":144,"column":1}},"29":{"start":{"line":78,"column":18},"end":{"line":78,"column":30}},"30":{"start":{"line":79,"column":2},"end":{"line":79,"column":46}},"31":{"start":{"line":79,"column":13},"end":{"line":79,"column":46}},"32":{"start":{"line":80,"column":2},"end":{"line":143,"column":4}},"33":{"start":{"line":86,"column":26},"end":{"line":86,"column":38}},"34":{"start":{"line":103,"column":30},"end":{"line":103,"column":77}},"35":{"start":{"line":111,"column":30},"end":{"line":111,"column":75}},"36":{"start":{"line":119,"column":30},"end":{"line":119,"column":76}},"37":{"start":{"line":127,"column":30},"end":{"line":127,"column":56}},"38":{"start":{"line":136,"column":28},"end":{"line":136,"column":56}},"39":{"start":{"line":146,"column":0},"end":{"line":148,"column":2}},"40":{"start":{"line":150,"column":0},"end":{"line":154,"column":2}}},"fnMap":{"0":{"name":"(anonymous_0)","decl":{"start":{"line":8,"column":19},"end":{"line":8,"column":20}},"loc":{"start":{"line":8,"column":25},"end":{"line":22,"column":1}},"line":8},"1":{"name":"(anonymous_1)","decl":{"start":{"line":24,"column":18},"end":{"line":24,"column":19}},"loc":{"start":{"line":24,"column":54},"end":{"line":35,"column":1}},"line":24},"2":{"name":"(anonymous_2)","decl":{"start":{"line":37,"column":18},"end":{"line":37,"column":19}},"loc":{"start":{"line":38,"column":2},"end":{"line":74,"column":8}},"line":38},"3":{"name":"(anonymous_3)","decl":{"start":{"line":45,"column":18},"end":{"line":45,"column":19}},"loc":{"start":{"line":45,"column":24},"end":{"line":45,"column":52}},"line":45},"4":{"name":"(anonymous_4)","decl":{"start":{"line":53,"column":18},"end":{"line":53,"column":19}},"loc":{"start":{"line":53,"column":24},"end":{"line":53,"column":53}},"line":53},"5":{"name":"(anonymous_5)","decl":{"start":{"line":61,"column":18},"end":{"line":61,"column":19}},"loc":{"start":{"line":61,"column":24},"end":{"line":61,"column":51}},"line":61},"6":{"name":"(anonymous_6)","decl":{"start":{"line":70,"column":16},"end":{"line":70,"column":17}},"loc":{"start":{"line":70,"column":22},"end":{"line":70,"column":50}},"line":70},"7":{"name":"(anonymous_7)","decl":{"start":{"line":77,"column":15},"end":{"line":77,"column":16}},"loc":{"start":{"line":77,"column":48},"end":{"line":144,"column":1}},"line":77},"8":{"name":"(anonymous_8)","decl":{"start":{"line":86,"column":20},"end":{"line":86,"column":21}},"loc":{"start":{"line":86,"column":26},"end":{"line":86,"column":38}},"line":86},"9":{"name":"(anonymous_9)","decl":{"start":{"line":103,"column":24},"end":{"line":103,"column":25}},"loc":{"start":{"line":103,"column":30},"end":{"line":103,"column":77}},"line":103},"10":{"name":"(anonymous_10)","decl":{"start":{"line":111,"column":24},"end":{"line":111,"column":25}},"loc":{"start":{"line":111,"column":30},"end":{"line":111,"column":75}},"line":111},"11":{"name":"(anonymous_11)","decl":{"start":{"line":119,"column":24},"end":{"line":119,"column":25}},"loc":{"start":{"line":119,"column":30},"end":{"line":119,"column":76}},"line":119},"12":{"name":"(anonymous_12)","decl":{"start":{"line":127,"column":24},"end":{"line":127,"column":25}},"loc":{"start":{"line":127,"column":30},"end":{"line":127,"column":56}},"line":127},"13":{"name":"(anonymous_13)","decl":{"start":{"line":136,"column":22},"end":{"line":136,"column":23}},"loc":{"start":{"line":136,"column":28},"end":{"line":136,"column":56}},"line":136}},"branchMap":{"0":{"loc":{"start":{"line":12,"column":2},"end":{"line":17,"column":3}},"type":"if","locations":[{"start":{"line":12,"column":2},"end":{"line":17,"column":3}},{"start":{"line":12,"column":2},"end":{"line":17,"column":3}}],"line":12},"1":{"loc":{"start":{"line":25,"column":2},"end":{"line":27,"column":3}},"type":"if","locations":[{"start":{"line":25,"column":2},"end":{"line":27,"column":3}},{"start":{"line":25,"column":2},"end":{"line":27,"column":3}}],"line":25},"2":{"loc":{"start":{"line":29,"column":2},"end":{"line":32,"column":3}},"type":"if","locations":[{"start":{"line":29,"column":2},"end":{"line":32,"column":3}},{"start":{"line":29,"column":2},"end":{"line":32,"column":3}}],"line":29},"3":{"loc":{"start":{"line":79,"column":2},"end":{"line":79,"column":46}},"type":"if","locations":[{"start":{"line":79,"column":2},"end":{"line":79,"column":46}},{"start":{"line":79,"column":2},"end":{"line":79,"column":46}}],"line":79}},"s":{"0":0,"1":0,"2":0,"3":0,"4":0,"5":0,"6":0,"7":0,"8":0,"9":0,"10":0,"11":0,"12":0,"13":0,"14":0,"15":0,"16":0,"17":0,"18":0,"19":0,"20":0,"21":0,"22":0,"23":0,"24":0,"25":0,"26":0,"27":0,"28":0,"29":0,"30":0,"31":0,"32":0,"33":0,"34":0,"35":0,"36":0,"37":0,"38":0,"39":0,"40":0},"f":{"0":0,"1":0,"2":0,"3":0,"4":0,"5":0,"6":0,"7":0,"8":0,"9":0,"10":0,"11":0,"12":0,"13":0},"b":{"0":[0,0],"1":[0,0],"2":[0,0],"3":[0,0]},"hash":"6d6f0d1ea5048175eef5f99ac5e33357ac53b95d"}
,"/home/igor/projetos_trybe/sd-04-project-trybeer-v2/front-end/src/components/MyOrdersCard.jsx": {"path":"/home/igor/projetos_trybe/sd-04-project-trybeer-v2/front-end/src/components/MyOrdersCard.jsx","statementMap":{"0":{"start":{"line":6,"column":13},"end":{"line":6,"column":14}},"1":{"start":{"line":7,"column":14},"end":{"line":7,"column":15}},"2":{"start":{"line":8,"column":13},"end":{"line":8,"column":14}},"3":{"start":{"line":9,"column":13},"end":{"line":9,"column":14}},"4":{"start":{"line":10,"column":12},"end":{"line":10,"column":14}},"5":{"start":{"line":17,"column":14},"end":{"line":17,"column":44}},"6":{"start":{"line":18,"column":16},"end":{"line":18,"column":48}},"7":{"start":{"line":20,"column":2},"end":{"line":28,"column":4}},"8":{"start":{"line":31,"column":0},"end":{"line":38,"column":2}}},"fnMap":{"0":{"name":"MyOrdersCard","decl":{"start":{"line":12,"column":9},"end":{"line":12,"column":21}},"loc":{"start":{"line":14,"column":3},"end":{"line":29,"column":1}},"line":14}},"branchMap":{},"s":{"0":0,"1":0,"2":0,"3":0,"4":0,"5":0,"6":0,"7":0,"8":0},"f":{"0":0},"b":{},"hash":"fea38dbd0cab3c742736c8312a6ae4f2fcd3c716"}
,"/home/igor/projetos_trybe/sd-04-project-trybeer-v2/front-end/src/components/ProductCard.jsx": {"path":"/home/igor/projetos_trybe/sd-04-project-trybeer-v2/front-end/src/components/ProductCard.jsx","statementMap":{"0":{"start":{"line":7,"column":13},"end":{"line":7,"column":14}},"1":{"start":{"line":8,"column":13},"end":{"line":8,"column":14}},"2":{"start":{"line":13,"column":32},"end":{"line":19,"column":4}},"3":{"start":{"line":20,"column":38},"end":{"line":20,"column":60}},"4":{"start":{"line":22,"column":2},"end":{"line":26,"column":22}},"5":{"start":{"line":23,"column":4},"end":{"line":23,"column":55}},"6":{"start":{"line":24,"column":16},"end":{"line":24,"column":73}},"7":{"start":{"line":24,"column":40},"end":{"line":24,"column":66}},"8":{"start":{"line":25,"column":4},"end":{"line":25,"column":18}},"9":{"start":{"line":29,"column":28},"end":{"line":29,"column":68}},"10":{"start":{"line":29,"column":48},"end":{"line":29,"column":67}},"11":{"start":{"line":31,"column":4},"end":{"line":40,"column":5}},"12":{"start":{"line":32,"column":6},"end":{"line":39,"column":9}},"13":{"start":{"line":41,"column":4},"end":{"line":41,"column":50}},"14":{"start":{"line":41,"column":20},"end":{"line":41,"column":50}},"15":{"start":{"line":42,"column":4},"end":{"line":42,"column":50}},"16":{"start":{"line":42,"column":20},"end":{"line":42,"column":50}},"17":{"start":{"line":43,"column":4},"end":{"line":43,"column":16}},"18":{"start":{"line":48,"column":4},"end":{"line":48,"column":57}},"19":{"start":{"line":48,"column":50},"end":{"line":48,"column":57}},"20":{"start":{"line":50,"column":4},"end":{"line":60,"column":5}},"21":{"start":{"line":51,"column":6},"end":{"line":51,"column":59}},"22":{"start":{"line":52,"column":6},"end":{"line":52,"column":31}},"23":{"start":{"line":54,"column":6},"end":{"line":54,"column":59}},"24":{"start":{"line":55,"column":6},"end":{"line":55,"column":31}},"25":{"start":{"line":58,"column":22},"end":{"line":58,"column":67}},"26":{"start":{"line":58,"column":44},"end":{"line":58,"column":66}},"27":{"start":{"line":59,"column":6},"end":{"line":59,"column":23}},"28":{"start":{"line":63,"column":2},"end":{"line":96,"column":4}},"29":{"start":{"line":82,"column":26},"end":{"line":82,"column":53}},"30":{"start":{"line":90,"column":26},"end":{"line":90,"column":52}},"31":{"start":{"line":99,"column":0},"end":{"line":106,"column":2}}},"fnMap":{"0":{"name":"ProductCard","decl":{"start":{"line":10,"column":9},"end":{"line":10,"column":20}},"loc":{"start":{"line":12,"column":3},"end":{"line":97,"column":1}},"line":12},"1":{"name":"(anonymous_1)","decl":{"start":{"line":22,"column":12},"end":{"line":22,"column":13}},"loc":{"start":{"line":22,"column":18},"end":{"line":26,"column":3}},"line":22},"2":{"name":"(anonymous_2)","decl":{"start":{"line":24,"column":28},"end":{"line":24,"column":29}},"loc":{"start":{"line":24,"column":40},"end":{"line":24,"column":66}},"line":24},"3":{"name":"verifyProduct","decl":{"start":{"line":28,"column":11},"end":{"line":28,"column":24}},"loc":{"start":{"line":28,"column":35},"end":{"line":45,"column":3}},"line":28},"4":{"name":"(anonymous_4)","decl":{"start":{"line":29,"column":38},"end":{"line":29,"column":39}},"loc":{"start":{"line":29,"column":48},"end":{"line":29,"column":67}},"line":29},"5":{"name":"addToCart","decl":{"start":{"line":47,"column":11},"end":{"line":47,"column":20}},"loc":{"start":{"line":47,"column":31},"end":{"line":61,"column":3}},"line":47},"6":{"name":"(anonymous_6)","decl":{"start":{"line":58,"column":34},"end":{"line":58,"column":35}},"loc":{"start":{"line":58,"column":44},"end":{"line":58,"column":66}},"line":58},"7":{"name":"(anonymous_7)","decl":{"start":{"line":82,"column":20},"end":{"line":82,"column":21}},"loc":{"start":{"line":82,"column":26},"end":{"line":82,"column":53}},"line":82},"8":{"name":"(anonymous_8)","decl":{"start":{"line":90,"column":20},"end":{"line":90,"column":21}},"loc":{"start":{"line":90,"column":26},"end":{"line":90,"column":52}},"line":90}},"branchMap":{"0":{"loc":{"start":{"line":31,"column":4},"end":{"line":40,"column":5}},"type":"if","locations":[{"start":{"line":31,"column":4},"end":{"line":40,"column":5}},{"start":{"line":31,"column":4},"end":{"line":40,"column":5}}],"line":31},"1":{"loc":{"start":{"line":36,"column":20},"end":{"line":36,"column":70}},"type":"cond-expr","locations":[{"start":{"line":36,"column":33},"end":{"line":36,"column":50}},{"start":{"line":36,"column":53},"end":{"line":36,"column":70}}],"line":36},"2":{"loc":{"start":{"line":41,"column":4},"end":{"line":41,"column":50}},"type":"if","locations":[{"start":{"line":41,"column":4},"end":{"line":41,"column":50}},{"start":{"line":41,"column":4},"end":{"line":41,"column":50}}],"line":41},"3":{"loc":{"start":{"line":42,"column":4},"end":{"line":42,"column":50}},"type":"if","locations":[{"start":{"line":42,"column":4},"end":{"line":42,"column":50}},{"start":{"line":42,"column":4},"end":{"line":42,"column":50}}],"line":42},"4":{"loc":{"start":{"line":48,"column":4},"end":{"line":48,"column":57}},"type":"if","locations":[{"start":{"line":48,"column":4},"end":{"line":48,"column":57}},{"start":{"line":48,"column":4},"end":{"line":48,"column":57}}],"line":48},"5":{"loc":{"start":{"line":48,"column":8},"end":{"line":48,"column":48}},"type":"binary-expr","locations":[{"start":{"line":48,"column":8},"end":{"line":48,"column":22}},{"start":{"line":48,"column":26},"end":{"line":48,"column":48}}],"line":48},"6":{"loc":{"start":{"line":50,"column":4},"end":{"line":60,"column":5}},"type":"if","locations":[{"start":{"line":50,"column":4},"end":{"line":60,"column":5}},{"start":{"line":50,"column":4},"end":{"line":60,"column":5}}],"line":50}},"s":{"0":0,"1":0,"2":0,"3":0,"4":0,"5":0,"6":0,"7":0,"8":0,"9":0,"10":0,"11":0,"12":0,"13":0,"14":0,"15":0,"16":0,"17":0,"18":0,"19":0,"20":0,"21":0,"22":0,"23":0,"24":0,"25":0,"26":0,"27":0,"28":0,"29":0,"30":0,"31":0},"f":{"0":0,"1":0,"2":0,"3":0,"4":0,"5":0,"6":0,"7":0,"8":0},"b":{"0":[0,0],"1":[0,0],"2":[0,0],"3":[0,0],"4":[0,0],"5":[0,0],"6":[0,0]},"hash":"a2c77257146382d86189933563d499fe25ab10d7"}
,"/home/igor/projetos_trybe/sd-04-project-trybeer-v2/front-end/src/context/AppContext.jsx": {"path":"/home/igor/projetos_trybe/sd-04-project-trybeer-v2/front-end/src/context/AppContext.jsx","statementMap":{"0":{"start":{"line":4,"column":19},"end":{"line":4,"column":34}},"1":{"start":{"line":5,"column":13},"end":{"line":5,"column":14}},"2":{"start":{"line":7,"column":13},"end":{"line":12,"column":1}},"3":{"start":{"line":14,"column":20},"end":{"line":41,"column":1}},"4":{"start":{"line":15,"column":36},"end":{"line":15,"column":50}},"5":{"start":{"line":16,"column":28},"end":{"line":16,"column":40}},"6":{"start":{"line":17,"column":34},"end":{"line":17,"column":46}},"7":{"start":{"line":18,"column":34},"end":{"line":18,"column":46}},"8":{"start":{"line":19,"column":26},"end":{"line":19,"column":38}},"9":{"start":{"line":20,"column":28},"end":{"line":20,"column":42}},"10":{"start":{"line":21,"column":42},"end":{"line":21,"column":54}},"11":{"start":{"line":23,"column":18},"end":{"line":38,"column":3}},"12":{"start":{"line":40,"column":2},"end":{"line":40,"column":81}},"13":{"start":{"line":45,"column":0},"end":{"line":47,"column":2}}},"fnMap":{"0":{"name":"(anonymous_0)","decl":{"start":{"line":14,"column":20},"end":{"line":14,"column":21}},"loc":{"start":{"line":14,"column":38},"end":{"line":41,"column":1}},"line":14}},"branchMap":{},"s":{"0":0,"1":0,"2":0,"3":0,"4":0,"5":0,"6":0,"7":0,"8":0,"9":0,"10":0,"11":0,"12":0,"13":0},"f":{"0":0},"b":{},"hash":"1b80337bc82db817c594fa9894465b61bc5ce9ab"}
,"/home/igor/projetos_trybe/sd-04-project-trybeer-v2/front-end/src/pages/Chat.jsx": {"path":"/home/igor/projetos_trybe/sd-04-project-trybeer-v2/front-end/src/pages/Chat.jsx","statementMap":{"0":{"start":{"line":8,"column":15},"end":{"line":8,"column":42}},"1":{"start":{"line":10,"column":13},"end":{"line":142,"column":1}},"2":{"start":{"line":12,"column":25},"end":{"line":12,"column":65}},"3":{"start":{"line":14,"column":2},"end":{"line":139,"column":3}},"4":{"start":{"line":19,"column":23},"end":{"line":49,"column":5}},"5":{"start":{"line":20,"column":19},"end":{"line":20,"column":50}},"6":{"start":{"line":22,"column":6},"end":{"line":48,"column":9}},"7":{"start":{"line":24,"column":24},"end":{"line":24,"column":51}},"8":{"start":{"line":26,"column":25},"end":{"line":26,"column":52}},"9":{"start":{"line":27,"column":21},"end":{"line":27,"column":48}},"10":{"start":{"line":28,"column":22},"end":{"line":28,"column":51}},"11":{"start":{"line":30,"column":8},"end":{"line":30,"column":55}},"12":{"start":{"line":31,"column":8},"end":{"line":34,"column":10}},"13":{"start":{"line":36,"column":8},"end":{"line":36,"column":39}},"14":{"start":{"line":39,"column":8},"end":{"line":39,"column":45}},"15":{"start":{"line":41,"column":8},"end":{"line":41,"column":39}},"16":{"start":{"line":43,"column":8},"end":{"line":43,"column":27}},"17":{"start":{"line":44,"column":8},"end":{"line":44,"column":31}},"18":{"start":{"line":45,"column":8},"end":{"line":45,"column":30}},"19":{"start":{"line":47,"column":8},"end":{"line":47,"column":27}},"20":{"start":{"line":51,"column":4},"end":{"line":51,"column":26}},"21":{"start":{"line":53,"column":4},"end":{"line":56,"column":7}},"22":{"start":{"line":55,"column":6},"end":{"line":55,"column":23}},"23":{"start":{"line":58,"column":4},"end":{"line":60,"column":7}},"24":{"start":{"line":62,"column":4},"end":{"line":90,"column":7}},"25":{"start":{"line":63,"column":19},"end":{"line":63,"column":50}},"26":{"start":{"line":65,"column":22},"end":{"line":65,"column":49}},"27":{"start":{"line":66,"column":23},"end":{"line":66,"column":50}},"28":{"start":{"line":67,"column":19},"end":{"line":67,"column":46}},"29":{"start":{"line":68,"column":20},"end":{"line":68,"column":49}},"30":{"start":{"line":70,"column":6},"end":{"line":70,"column":58}},"31":{"start":{"line":71,"column":6},"end":{"line":71,"column":51}},"32":{"start":{"line":72,"column":6},"end":{"line":72,"column":59}},"33":{"start":{"line":73,"column":6},"end":{"line":76,"column":8}},"34":{"start":{"line":78,"column":6},"end":{"line":78,"column":32}},"35":{"start":{"line":81,"column":6},"end":{"line":81,"column":43}},"36":{"start":{"line":83,"column":6},"end":{"line":83,"column":37}},"37":{"start":{"line":85,"column":6},"end":{"line":85,"column":25}},"38":{"start":{"line":86,"column":6},"end":{"line":86,"column":29}},"39":{"start":{"line":87,"column":6},"end":{"line":87,"column":28}},"40":{"start":{"line":89,"column":6},"end":{"line":89,"column":25}},"41":{"start":{"line":98,"column":24},"end":{"line":108,"column":5}},"42":{"start":{"line":102,"column":23},"end":{"line":102,"column":62}},"43":{"start":{"line":104,"column":26},"end":{"line":104,"column":40}},"44":{"start":{"line":105,"column":23},"end":{"line":105,"column":47}},"45":{"start":{"line":107,"column":6},"end":{"line":107,"column":56}},"46":{"start":{"line":110,"column":4},"end":{"line":138,"column":6}},"47":{"start":{"line":130,"column":28},"end":{"line":130,"column":41}},"48":{"start":{"line":141,"column":2},"end":{"line":141,"column":14}}},"fnMap":{"0":{"name":"(anonymous_0)","decl":{"start":{"line":10,"column":13},"end":{"line":10,"column":14}},"loc":{"start":{"line":10,"column":19},"end":{"line":142,"column":1}},"line":10},"1":{"name":"(anonymous_1)","decl":{"start":{"line":19,"column":23},"end":{"line":19,"column":24}},"loc":{"start":{"line":19,"column":39},"end":{"line":49,"column":5}},"line":19},"2":{"name":"(anonymous_2)","decl":{"start":{"line":22,"column":19},"end":{"line":22,"column":20}},"loc":{"start":{"line":22,"column":29},"end":{"line":48,"column":7}},"line":22},"3":{"name":"(anonymous_3)","decl":{"start":{"line":53,"column":28},"end":{"line":53,"column":29}},"loc":{"start":{"line":53,"column":44},"end":{"line":56,"column":5}},"line":53},"4":{"name":"(anonymous_4)","decl":{"start":{"line":58,"column":24},"end":{"line":58,"column":25}},"loc":{"start":{"line":58,"column":40},"end":{"line":60,"column":5}},"line":58},"5":{"name":"(anonymous_5)","decl":{"start":{"line":62,"column":31},"end":{"line":62,"column":32}},"loc":{"start":{"line":62,"column":47},"end":{"line":90,"column":5}},"line":62},"6":{"name":"(anonymous_6)","decl":{"start":{"line":98,"column":24},"end":{"line":98,"column":25}},"loc":{"start":{"line":98,"column":36},"end":{"line":108,"column":5}},"line":98},"7":{"name":"(anonymous_7)","decl":{"start":{"line":130,"column":22},"end":{"line":130,"column":23}},"loc":{"start":{"line":130,"column":28},"end":{"line":130,"column":41}},"line":130}},"branchMap":{"0":{"loc":{"start":{"line":14,"column":2},"end":{"line":139,"column":3}},"type":"if","locations":[{"start":{"line":14,"column":2},"end":{"line":139,"column":3}},{"start":{"line":14,"column":2},"end":{"line":139,"column":3}}],"line":14}},"s":{"0":0,"1":0,"2":0,"3":0,"4":0,"5":0,"6":0,"7":0,"8":0,"9":0,"10":0,"11":0,"12":0,"13":0,"14":0,"15":0,"16":0,"17":0,"18":0,"19":0,"20":0,"21":0,"22":0,"23":0,"24":0,"25":0,"26":0,"27":0,"28":0,"29":0,"30":0,"31":0,"32":0,"33":0,"34":0,"35":0,"36":0,"37":0,"38":0,"39":0,"40":0,"41":0,"42":0,"43":0,"44":0,"45":0,"46":0,"47":0,"48":0},"f":{"0":0,"1":0,"2":0,"3":0,"4":0,"5":0,"6":0,"7":0},"b":{"0":[0,0]},"hash":"a038d6495afa61b57293199669ef312638fb07f8"}
,"/home/igor/projetos_trybe/sd-04-project-trybeer-v2/front-end/src/pages/CloseOrder.jsx": {"path":"/home/igor/projetos_trybe/sd-04-project-trybeer-v2/front-end/src/pages/CloseOrder.jsx","statementMap":{"0":{"start":{"line":10,"column":13},"end":{"line":10,"column":14}},"1":{"start":{"line":11,"column":13},"end":{"line":11,"column":14}},"2":{"start":{"line":16,"column":6},"end":{"line":16,"column":28}},"3":{"start":{"line":17,"column":44},"end":{"line":17,"column":66}},"4":{"start":{"line":19,"column":32},"end":{"line":19,"column":44}},"5":{"start":{"line":20,"column":32},"end":{"line":20,"column":46}},"6":{"start":{"line":21,"column":30},"end":{"line":21,"column":42}},"7":{"start":{"line":22,"column":28},"end":{"line":22,"column":40}},"8":{"start":{"line":23,"column":26},"end":{"line":23,"column":40}},"9":{"start":{"line":25,"column":19},"end":{"line":25,"column":31}},"10":{"start":{"line":26,"column":15},"end":{"line":26,"column":27}},"11":{"start":{"line":28,"column":2},"end":{"line":41,"column":9}},"12":{"start":{"line":29,"column":4},"end":{"line":35,"column":5}},"13":{"start":{"line":30,"column":6},"end":{"line":30,"column":56}},"14":{"start":{"line":32,"column":29},"end":{"line":32,"column":69}},"15":{"start":{"line":33,"column":6},"end":{"line":33,"column":37}},"16":{"start":{"line":34,"column":6},"end":{"line":34,"column":63}},"17":{"start":{"line":36,"column":27},"end":{"line":36,"column":67}},"18":{"start":{"line":38,"column":4},"end":{"line":40,"column":5}},"19":{"start":{"line":39,"column":6},"end":{"line":39,"column":26}},"20":{"start":{"line":43,"column":19},"end":{"line":60,"column":3}},"21":{"start":{"line":51,"column":4},"end":{"line":59,"column":7}},"22":{"start":{"line":62,"column":25},"end":{"line":79,"column":3}},"23":{"start":{"line":63,"column":23},"end":{"line":63,"column":59}},"24":{"start":{"line":65,"column":4},"end":{"line":78,"column":5}},"25":{"start":{"line":66,"column":18},"end":{"line":68,"column":42}},"26":{"start":{"line":67,"column":38},"end":{"line":67,"column":54}},"27":{"start":{"line":68,"column":31},"end":{"line":68,"column":41}},"28":{"start":{"line":69,"column":6},"end":{"line":72,"column":29}},"29":{"start":{"line":73,"column":6},"end":{"line":73,"column":62}},"30":{"start":{"line":74,"column":6},"end":{"line":74,"column":20}},"31":{"start":{"line":76,"column":6},"end":{"line":76,"column":46}},"32":{"start":{"line":77,"column":6},"end":{"line":77,"column":48}},"33":{"start":{"line":81,"column":2},"end":{"line":83,"column":14}},"34":{"start":{"line":82,"column":4},"end":{"line":82,"column":25}},"35":{"start":{"line":85,"column":30},"end":{"line":90,"column":3}},"36":{"start":{"line":86,"column":19},"end":{"line":86,"column":65}},"37":{"start":{"line":86,"column":42},"end":{"line":86,"column":64}},"38":{"start":{"line":87,"column":4},"end":{"line":87,"column":20}},"39":{"start":{"line":88,"column":4},"end":{"line":88,"column":27}},"40":{"start":{"line":89,"column":4},"end":{"line":89,"column":57}},"41":{"start":{"line":92,"column":18},"end":{"line":92,"column":30}},"42":{"start":{"line":94,"column":19},"end":{"line":103,"column":3}},"43":{"start":{"line":95,"column":22},"end":{"line":95,"column":62}},"44":{"start":{"line":96,"column":20},"end":{"line":96,"column":22}},"45":{"start":{"line":97,"column":4},"end":{"line":100,"column":7}},"46":{"start":{"line":98,"column":22},"end":{"line":98,"column":67}},"47":{"start":{"line":99,"column":6},"end":{"line":99,"column":28}},"48":{"start":{"line":101,"column":4},"end":{"line":101,"column":58}},"49":{"start":{"line":102,"column":4},"end":{"line":102,"column":54}},"50":{"start":{"line":106,"column":4},"end":{"line":106,"column":22}},"51":{"start":{"line":107,"column":22},"end":{"line":107,"column":32}},"52":{"start":{"line":108,"column":4},"end":{"line":108,"column":23}},"53":{"start":{"line":109,"column":4},"end":{"line":109,"column":15}},"54":{"start":{"line":111,"column":4},"end":{"line":111,"column":61}},"55":{"start":{"line":112,"column":4},"end":{"line":112,"column":36}},"56":{"start":{"line":113,"column":4},"end":{"line":113,"column":30}},"57":{"start":{"line":116,"column":2},"end":{"line":244,"column":4}},"58":{"start":{"line":126,"column":14},"end":{"line":185,"column":19}},"59":{"start":{"line":172,"column":38},"end":{"line":172,"column":63}},"60":{"start":{"line":208,"column":34},"end":{"line":208,"column":60}},"61":{"start":{"line":222,"column":34},"end":{"line":222,"column":59}},"62":{"start":{"line":237,"column":28},"end":{"line":237,"column":87}}},"fnMap":{"0":{"name":"CloseOrder","decl":{"start":{"line":13,"column":9},"end":{"line":13,"column":19}},"loc":{"start":{"line":13,"column":22},"end":{"line":245,"column":1}},"line":13},"1":{"name":"(anonymous_1)","decl":{"start":{"line":28,"column":12},"end":{"line":28,"column":13}},"loc":{"start":{"line":28,"column":18},"end":{"line":41,"column":3}},"line":28},"2":{"name":"(anonymous_2)","decl":{"start":{"line":43,"column":19},"end":{"line":43,"column":20}},"loc":{"start":{"line":50,"column":7},"end":{"line":60,"column":3}},"line":50},"3":{"name":"(anonymous_3)","decl":{"start":{"line":62,"column":25},"end":{"line":62,"column":26}},"loc":{"start":{"line":62,"column":38},"end":{"line":79,"column":3}},"line":62},"4":{"name":"(anonymous_4)","decl":{"start":{"line":67,"column":13},"end":{"line":67,"column":14}},"loc":{"start":{"line":67,"column":38},"end":{"line":67,"column":54}},"line":67},"5":{"name":"(anonymous_5)","decl":{"start":{"line":68,"column":16},"end":{"line":68,"column":17}},"loc":{"start":{"line":68,"column":31},"end":{"line":68,"column":41}},"line":68},"6":{"name":"(anonymous_6)","decl":{"start":{"line":81,"column":12},"end":{"line":81,"column":13}},"loc":{"start":{"line":81,"column":18},"end":{"line":83,"column":3}},"line":81},"7":{"name":"(anonymous_7)","decl":{"start":{"line":85,"column":30},"end":{"line":85,"column":31}},"loc":{"start":{"line":85,"column":43},"end":{"line":90,"column":3}},"line":85},"8":{"name":"(anonymous_8)","decl":{"start":{"line":86,"column":31},"end":{"line":86,"column":32}},"loc":{"start":{"line":86,"column":42},"end":{"line":86,"column":64}},"line":86},"9":{"name":"(anonymous_9)","decl":{"start":{"line":94,"column":19},"end":{"line":94,"column":20}},"loc":{"start":{"line":94,"column":25},"end":{"line":103,"column":3}},"line":94},"10":{"name":"(anonymous_10)","decl":{"start":{"line":97,"column":22},"end":{"line":97,"column":23}},"loc":{"start":{"line":97,"column":32},"end":{"line":100,"column":5}},"line":97},"11":{"name":"doneOrder","decl":{"start":{"line":105,"column":11},"end":{"line":105,"column":20}},"loc":{"start":{"line":105,"column":40},"end":{"line":114,"column":3}},"line":105},"12":{"name":"(anonymous_12)","decl":{"start":{"line":125,"column":22},"end":{"line":125,"column":23}},"loc":{"start":{"line":126,"column":14},"end":{"line":185,"column":19}},"line":126},"13":{"name":"(anonymous_13)","decl":{"start":{"line":172,"column":32},"end":{"line":172,"column":33}},"loc":{"start":{"line":172,"column":38},"end":{"line":172,"column":63}},"line":172},"14":{"name":"(anonymous_14)","decl":{"start":{"line":208,"column":27},"end":{"line":208,"column":28}},"loc":{"start":{"line":208,"column":34},"end":{"line":208,"column":60}},"line":208},"15":{"name":"(anonymous_15)","decl":{"start":{"line":222,"column":27},"end":{"line":222,"column":28}},"loc":{"start":{"line":222,"column":34},"end":{"line":222,"column":59}},"line":222},"16":{"name":"(anonymous_16)","decl":{"start":{"line":237,"column":22},"end":{"line":237,"column":23}},"loc":{"start":{"line":237,"column":28},"end":{"line":237,"column":87}},"line":237}},"branchMap":{"0":{"loc":{"start":{"line":29,"column":4},"end":{"line":35,"column":5}},"type":"if","locations":[{"start":{"line":29,"column":4},"end":{"line":35,"column":5}},{"start":{"line":29,"column":4},"end":{"line":35,"column":5}}],"line":29},"1":{"loc":{"start":{"line":38,"column":4},"end":{"line":40,"column":5}},"type":"if","locations":[{"start":{"line":38,"column":4},"end":{"line":40,"column":5}},{"start":{"line":38,"column":4},"end":{"line":40,"column":5}}],"line":38},"2":{"loc":{"start":{"line":65,"column":4},"end":{"line":78,"column":5}},"type":"if","locations":[{"start":{"line":65,"column":4},"end":{"line":78,"column":5}},{"start":{"line":65,"column":4},"end":{"line":78,"column":5}}],"line":65},"3":{"loc":{"start":{"line":236,"column":23},"end":{"line":236,"column":65}},"type":"binary-expr","locations":[{"start":{"line":236,"column":23},"end":{"line":236,"column":31}},{"start":{"line":236,"column":35},"end":{"line":236,"column":42}},{"start":{"line":236,"column":46},"end":{"line":236,"column":65}}],"line":236}},"s":{"0":0,"1":0,"2":0,"3":0,"4":0,"5":0,"6":0,"7":0,"8":0,"9":0,"10":0,"11":0,"12":0,"13":0,"14":0,"15":0,"16":0,"17":0,"18":0,"19":0,"20":0,"21":0,"22":0,"23":0,"24":0,"25":0,"26":0,"27":0,"28":0,"29":0,"30":0,"31":0,"32":0,"33":0,"34":0,"35":0,"36":0,"37":0,"38":0,"39":0,"40":0,"41":0,"42":0,"43":0,"44":0,"45":0,"46":0,"47":0,"48":0,"49":0,"50":0,"51":0,"52":0,"53":0,"54":0,"55":0,"56":0,"57":0,"58":0,"59":0,"60":0,"61":0,"62":0},"f":{"0":0,"1":0,"2":0,"3":0,"4":0,"5":0,"6":0,"7":0,"8":0,"9":0,"10":0,"11":0,"12":0,"13":0,"14":0,"15":0,"16":0},"b":{"0":[0,0],"1":[0,0],"2":[0,0],"3":[0,0,0]},"hash":"7a25d49c7e2dabebde3051bcac88d93f4f5b3f86"}
,"/home/igor/projetos_trybe/sd-04-project-trybeer-v2/front-end/src/pages/Details.jsx": {"path":"/home/igor/projetos_trybe/sd-04-project-trybeer-v2/front-end/src/pages/Details.jsx","statementMap":{"0":{"start":{"line":7,"column":13},"end":{"line":7,"column":14}},"1":{"start":{"line":8,"column":13},"end":{"line":8,"column":14}},"2":{"start":{"line":9,"column":14},"end":{"line":9,"column":15}},"3":{"start":{"line":12,"column":28},"end":{"line":12,"column":38}},"4":{"start":{"line":13,"column":17},"end":{"line":13,"column":28}},"5":{"start":{"line":14,"column":18},"end":{"line":14,"column":30}},"6":{"start":{"line":16,"column":2},"end":{"line":21,"column":18}},"7":{"start":{"line":17,"column":18},"end":{"line":17,"column":59}},"8":{"start":{"line":18,"column":4},"end":{"line":20,"column":43}},"9":{"start":{"line":19,"column":26},"end":{"line":19,"column":51}},"10":{"start":{"line":20,"column":19},"end":{"line":20,"column":41}},"11":{"start":{"line":23,"column":2},"end":{"line":23,"column":46}},"12":{"start":{"line":23,"column":14},"end":{"line":23,"column":46}},"13":{"start":{"line":25,"column":2},"end":{"line":76,"column":4}},"14":{"start":{"line":48,"column":12},"end":{"line":61,"column":18}}},"fnMap":{"0":{"name":"Details","decl":{"start":{"line":11,"column":9},"end":{"line":11,"column":16}},"loc":{"start":{"line":11,"column":19},"end":{"line":77,"column":1}},"line":11},"1":{"name":"(anonymous_1)","decl":{"start":{"line":16,"column":11},"end":{"line":16,"column":12}},"loc":{"start":{"line":16,"column":17},"end":{"line":21,"column":3}},"line":16},"2":{"name":"(anonymous_2)","decl":{"start":{"line":19,"column":12},"end":{"line":19,"column":13}},"loc":{"start":{"line":19,"column":26},"end":{"line":19,"column":51}},"line":19},"3":{"name":"(anonymous_3)","decl":{"start":{"line":20,"column":13},"end":{"line":20,"column":14}},"loc":{"start":{"line":20,"column":19},"end":{"line":20,"column":41}},"line":20},"4":{"name":"(anonymous_4)","decl":{"start":{"line":47,"column":21},"end":{"line":47,"column":22}},"loc":{"start":{"line":48,"column":12},"end":{"line":61,"column":18}},"line":48}},"branchMap":{"0":{"loc":{"start":{"line":23,"column":2},"end":{"line":23,"column":46}},"type":"if","locations":[{"start":{"line":23,"column":2},"end":{"line":23,"column":46}},{"start":{"line":23,"column":2},"end":{"line":23,"column":46}}],"line":23}},"s":{"0":0,"1":0,"2":0,"3":0,"4":0,"5":0,"6":0,"7":0,"8":0,"9":0,"10":0,"11":0,"12":0,"13":0,"14":0},"f":{"0":0,"1":0,"2":0,"3":0,"4":0},"b":{"0":[0,0]},"hash":"45c12894b455d98c905f4def3e098252745182b9"}
,"/home/igor/projetos_trybe/sd-04-project-trybeer-v2/front-end/src/pages/Login.jsx": {"path":"/home/igor/projetos_trybe/sd-04-project-trybeer-v2/front-end/src/pages/Login.jsx","statementMap":{"0":{"start":{"line":5,"column":13},"end":{"line":5,"column":44}},"1":{"start":{"line":8,"column":28},"end":{"line":8,"column":40}},"2":{"start":{"line":9,"column":34},"end":{"line":9,"column":46}},"3":{"start":{"line":10,"column":36},"end":{"line":10,"column":51}},"4":{"start":{"line":11,"column":38},"end":{"line":11,"column":53}},"5":{"start":{"line":13,"column":24},"end":{"line":13,"column":102}},"6":{"start":{"line":13,"column":40},"end":{"line":13,"column":102}},"7":{"start":{"line":15,"column":15},"end":{"line":15,"column":16}},"8":{"start":{"line":16,"column":27},"end":{"line":16,"column":74}},"9":{"start":{"line":16,"column":46},"end":{"line":16,"column":74}},"10":{"start":{"line":18,"column":16},"end":{"line":38,"column":3}},"11":{"start":{"line":19,"column":4},"end":{"line":19,"column":27}},"12":{"start":{"line":20,"column":4},"end":{"line":37,"column":9}},"13":{"start":{"line":26,"column":32},"end":{"line":26,"column":45}},"14":{"start":{"line":27,"column":49},"end":{"line":27,"column":53}},"15":{"start":{"line":28,"column":25},"end":{"line":33,"column":9}},"16":{"start":{"line":34,"column":8},"end":{"line":34,"column":61}},"17":{"start":{"line":35,"column":8},"end":{"line":35,"column":63}},"18":{"start":{"line":36,"column":8},"end":{"line":36,"column":88}},"19":{"start":{"line":40,"column":2},"end":{"line":113,"column":4}},"20":{"start":{"line":45,"column":36},"end":{"line":45,"column":48}},"21":{"start":{"line":58,"column":36},"end":{"line":58,"column":60}},"22":{"start":{"line":75,"column":36},"end":{"line":75,"column":63}},"23":{"start":{"line":102,"column":30},"end":{"line":102,"column":57}}},"fnMap":{"0":{"name":"Login","decl":{"start":{"line":7,"column":9},"end":{"line":7,"column":14}},"loc":{"start":{"line":7,"column":17},"end":{"line":114,"column":1}},"line":7},"1":{"name":"(anonymous_1)","decl":{"start":{"line":13,"column":24},"end":{"line":13,"column":25}},"loc":{"start":{"line":13,"column":40},"end":{"line":13,"column":102}},"line":13},"2":{"name":"(anonymous_2)","decl":{"start":{"line":16,"column":27},"end":{"line":16,"column":28}},"loc":{"start":{"line":16,"column":46},"end":{"line":16,"column":74}},"line":16},"3":{"name":"(anonymous_3)","decl":{"start":{"line":18,"column":16},"end":{"line":18,"column":17}},"loc":{"start":{"line":18,"column":33},"end":{"line":38,"column":3}},"line":18},"4":{"name":"(anonymous_4)","decl":{"start":{"line":25,"column":12},"end":{"line":25,"column":13}},"loc":{"start":{"line":25,"column":26},"end":{"line":37,"column":7}},"line":25},"5":{"name":"(anonymous_5)","decl":{"start":{"line":45,"column":25},"end":{"line":45,"column":26}},"loc":{"start":{"line":45,"column":36},"end":{"line":45,"column":48}},"line":45},"6":{"name":"(anonymous_6)","decl":{"start":{"line":58,"column":29},"end":{"line":58,"column":30}},"loc":{"start":{"line":58,"column":36},"end":{"line":58,"column":60}},"line":58},"7":{"name":"(anonymous_7)","decl":{"start":{"line":75,"column":29},"end":{"line":75,"column":30}},"loc":{"start":{"line":75,"column":36},"end":{"line":75,"column":63}},"line":75},"8":{"name":"(anonymous_8)","decl":{"start":{"line":102,"column":24},"end":{"line":102,"column":25}},"loc":{"start":{"line":102,"column":30},"end":{"line":102,"column":57}},"line":102}},"branchMap":{"0":{"loc":{"start":{"line":36,"column":15},"end":{"line":36,"column":87}},"type":"cond-expr","locations":[{"start":{"line":36,"column":47},"end":{"line":36,"column":65}},{"start":{"line":36,"column":68},"end":{"line":36,"column":87}}],"line":36},"1":{"loc":{"start":{"line":86,"column":31},"end":{"line":86,"column":81}},"type":"binary-expr","locations":[{"start":{"line":86,"column":31},"end":{"line":86,"column":51}},{"start":{"line":86,"column":55},"end":{"line":86,"column":81}}],"line":86},"2":{"loc":{"start":{"line":110,"column":7},"end":{"line":110,"column":51}},"type":"binary-expr","locations":[{"start":{"line":110,"column":7},"end":{"line":110,"column":16}},{"start":{"line":110,"column":20},"end":{"line":110,"column":51}}],"line":110},"3":{"loc":{"start":{"line":111,"column":7},"end":{"line":111,"column":48}},"type":"binary-expr","locations":[{"start":{"line":111,"column":7},"end":{"line":111,"column":17}},{"start":{"line":111,"column":21},"end":{"line":111,"column":48}}],"line":111}},"s":{"0":1,"1":33,"2":33,"3":33,"4":33,"5":33,"6":33,"7":33,"8":33,"9":13,"10":33,"11":1,"12":1,"13":1,"14":1,"15":1,"16":1,"17":1,"18":1,"19":33,"20":1,"21":19,"22":9,"23":1},"f":{"0":33,"1":33,"2":13,"3":1,"4":1,"5":1,"6":19,"7":9,"8":1},"b":{"0":[0,1],"1":[33,13],"2":[33,0],"3":[33,1]},"_coverageSchema":"43e27e138ebf9cfc5966b082cf9a028302ed4184","hash":"6520a7ad4a008fdb2b4ffbf4fb4004d8717aed81"}
,"/home/igor/projetos_trybe/sd-04-project-trybeer-v2/front-end/src/pages/Orders.jsx": {"path":"/home/igor/projetos_trybe/sd-04-project-trybeer-v2/front-end/src/pages/Orders.jsx","statementMap":{"0":{"start":{"line":8,"column":30},"end":{"line":8,"column":42}},"1":{"start":{"line":9,"column":18},"end":{"line":9,"column":30}},"2":{"start":{"line":10,"column":2},"end":{"line":17,"column":9}},"3":{"start":{"line":11,"column":18},"end":{"line":11,"column":59}},"4":{"start":{"line":13,"column":4},"end":{"line":16,"column":43}},"5":{"start":{"line":15,"column":26},"end":{"line":15,"column":50}},"6":{"start":{"line":16,"column":19},"end":{"line":16,"column":41}},"7":{"start":{"line":19,"column":2},"end":{"line":19,"column":47}},"8":{"start":{"line":19,"column":15},"end":{"line":19,"column":47}},"9":{"start":{"line":20,"column":2},"end":{"line":35,"column":4}},"10":{"start":{"line":25,"column":10},"end":{"line":31,"column":12}}},"fnMap":{"0":{"name":"Orders","decl":{"start":{"line":7,"column":9},"end":{"line":7,"column":15}},"loc":{"start":{"line":7,"column":18},"end":{"line":36,"column":1}},"line":7},"1":{"name":"(anonymous_1)","decl":{"start":{"line":10,"column":12},"end":{"line":10,"column":13}},"loc":{"start":{"line":10,"column":18},"end":{"line":17,"column":3}},"line":10},"2":{"name":"(anonymous_2)","decl":{"start":{"line":15,"column":12},"end":{"line":15,"column":13}},"loc":{"start":{"line":15,"column":26},"end":{"line":15,"column":50}},"line":15},"3":{"name":"(anonymous_3)","decl":{"start":{"line":16,"column":13},"end":{"line":16,"column":14}},"loc":{"start":{"line":16,"column":19},"end":{"line":16,"column":41}},"line":16},"4":{"name":"(anonymous_4)","decl":{"start":{"line":24,"column":20},"end":{"line":24,"column":21}},"loc":{"start":{"line":25,"column":10},"end":{"line":31,"column":12}},"line":25}},"branchMap":{"0":{"loc":{"start":{"line":19,"column":2},"end":{"line":19,"column":47}},"type":"if","locations":[{"start":{"line":19,"column":2},"end":{"line":19,"column":47}},{"start":{"line":19,"column":2},"end":{"line":19,"column":47}}],"line":19}},"s":{"0":0,"1":0,"2":0,"3":0,"4":0,"5":0,"6":0,"7":0,"8":0,"9":0,"10":0},"f":{"0":0,"1":0,"2":0,"3":0,"4":0},"b":{"0":[0,0]},"hash":"2b171c422e9479cd3e33681fe66a0e1812e43ff3"}
,"/home/igor/projetos_trybe/sd-04-project-trybeer-v2/front-end/src/pages/Products.jsx": {"path":"/home/igor/projetos_trybe/sd-04-project-trybeer-v2/front-end/src/pages/Products.jsx","statementMap":{"0":{"start":{"line":9,"column":13},"end":{"line":9,"column":14}},"1":{"start":{"line":10,"column":13},"end":{"line":10,"column":14}},"2":{"start":{"line":11,"column":12},"end":{"line":11,"column":16}},"3":{"start":{"line":14,"column":24},"end":{"line":14,"column":36}},"4":{"start":{"line":17,"column":6},"end":{"line":17,"column":28}},"5":{"start":{"line":19,"column":18},"end":{"line":19,"column":30}},"6":{"start":{"line":21,"column":26},"end":{"line":31,"column":3}},"7":{"start":{"line":22,"column":18},"end":{"line":22,"column":59}},"8":{"start":{"line":23,"column":4},"end":{"line":26,"column":43}},"9":{"start":{"line":25,"column":26},"end":{"line":25,"column":52}},"10":{"start":{"line":26,"column":19},"end":{"line":26,"column":41}},"11":{"start":{"line":28,"column":4},"end":{"line":30,"column":5}},"12":{"start":{"line":29,"column":6},"end":{"line":29,"column":56}},"13":{"start":{"line":33,"column":2},"end":{"line":39,"column":9}},"14":{"start":{"line":34,"column":4},"end":{"line":38,"column":12}},"15":{"start":{"line":35,"column":6},"end":{"line":35,"column":19}},"16":{"start":{"line":36,"column":6},"end":{"line":36,"column":24}},"17":{"start":{"line":37,"column":6},"end":{"line":37,"column":16}},"18":{"start":{"line":41,"column":2},"end":{"line":76,"column":4}},"19":{"start":{"line":50,"column":28},"end":{"line":50,"column":55}},"20":{"start":{"line":64,"column":10},"end":{"line":72,"column":12}}},"fnMap":{"0":{"name":"Products","decl":{"start":{"line":13,"column":9},"end":{"line":13,"column":17}},"loc":{"start":{"line":13,"column":20},"end":{"line":77,"column":1}},"line":13},"1":{"name":"(anonymous_1)","decl":{"start":{"line":21,"column":26},"end":{"line":21,"column":27}},"loc":{"start":{"line":21,"column":38},"end":{"line":31,"column":3}},"line":21},"2":{"name":"(anonymous_2)","decl":{"start":{"line":25,"column":12},"end":{"line":25,"column":13}},"loc":{"start":{"line":25,"column":26},"end":{"line":25,"column":52}},"line":25},"3":{"name":"(anonymous_3)","decl":{"start":{"line":26,"column":13},"end":{"line":26,"column":14}},"loc":{"start":{"line":26,"column":19},"end":{"line":26,"column":41}},"line":26},"4":{"name":"(anonymous_4)","decl":{"start":{"line":33,"column":12},"end":{"line":33,"column":13}},"loc":{"start":{"line":33,"column":18},"end":{"line":39,"column":3}},"line":33},"5":{"name":"(anonymous_5)","decl":{"start":{"line":34,"column":15},"end":{"line":34,"column":16}},"loc":{"start":{"line":34,"column":21},"end":{"line":38,"column":5}},"line":34},"6":{"name":"(anonymous_6)","decl":{"start":{"line":50,"column":22},"end":{"line":50,"column":23}},"loc":{"start":{"line":50,"column":28},"end":{"line":50,"column":55}},"line":50},"7":{"name":"(anonymous_7)","decl":{"start":{"line":63,"column":22},"end":{"line":63,"column":23}},"loc":{"start":{"line":64,"column":10},"end":{"line":72,"column":12}},"line":64}},"branchMap":{"0":{"loc":{"start":{"line":28,"column":4},"end":{"line":30,"column":5}},"type":"if","locations":[{"start":{"line":28,"column":4},"end":{"line":30,"column":5}},{"start":{"line":28,"column":4},"end":{"line":30,"column":5}}],"line":28},"1":{"loc":{"start":{"line":55,"column":15},"end":{"line":56,"column":81}},"type":"binary-expr","locations":[{"start":{"line":55,"column":16},"end":{"line":55,"column":21}},{"start":{"line":55,"column":25},"end":{"line":55,"column":39}},{"start":{"line":56,"column":19},"end":{"line":56,"column":81}}],"line":55},"2":{"loc":{"start":{"line":61,"column":7},"end":{"line":61,"column":76}},"type":"cond-expr","locations":[{"start":{"line":61,"column":22},"end":{"line":61,"column":66}},{"start":{"line":61,"column":69},"end":{"line":61,"column":76}}],"line":61}},"s":{"0":0,"1":0,"2":0,"3":0,"4":0,"5":0,"6":0,"7":0,"8":0,"9":0,"10":0,"11":0,"12":0,"13":0,"14":0,"15":0,"16":0,"17":0,"18":0,"19":0,"20":0},"f":{"0":0,"1":0,"2":0,"3":0,"4":0,"5":0,"6":0,"7":0},"b":{"0":[0,0],"1":[0,0,0],"2":[0,0]},"hash":"167b5fc99f32bf57f541730a938a96d00711fb96"}
,"/home/igor/projetos_trybe/sd-04-project-trybeer-v2/front-end/src/pages/Profile.jsx": {"path":"/home/igor/projetos_trybe/sd-04-project-trybeer-v2/front-end/src/pages/Profile.jsx","statementMap":{"0":{"start":{"line":8,"column":17},"end":{"line":14,"column":1}},"1":{"start":{"line":9,"column":2},"end":{"line":9,"column":21}},"2":{"start":{"line":10,"column":2},"end":{"line":10,"column":45}},"3":{"start":{"line":11,"column":2},"end":{"line":11,"column":50}},"4":{"start":{"line":12,"column":2},"end":{"line":12,"column":27}},"5":{"start":{"line":16,"column":12},"end":{"line":16,"column":45}},"6":{"start":{"line":19,"column":32},"end":{"line":19,"column":46}},"7":{"start":{"line":20,"column":34},"end":{"line":20,"column":46}},"8":{"start":{"line":21,"column":22},"end":{"line":21,"column":34}},"9":{"start":{"line":22,"column":36},"end":{"line":22,"column":48}},"10":{"start":{"line":23,"column":32},"end":{"line":23,"column":44}},"11":{"start":{"line":25,"column":2},"end":{"line":36,"column":9}},"12":{"start":{"line":30,"column":4},"end":{"line":35,"column":7}},"13":{"start":{"line":31,"column":6},"end":{"line":31,"column":38}},"14":{"start":{"line":32,"column":6},"end":{"line":32,"column":34}},"15":{"start":{"line":33,"column":6},"end":{"line":33,"column":37}},"16":{"start":{"line":34,"column":6},"end":{"line":34,"column":40}},"17":{"start":{"line":38,"column":22},"end":{"line":41,"column":3}},"18":{"start":{"line":39,"column":4},"end":{"line":39,"column":19}},"19":{"start":{"line":40,"column":4},"end":{"line":40,"column":22}},"20":{"start":{"line":43,"column":23},"end":{"line":43,"column":60}},"21":{"start":{"line":43,"column":43},"end":{"line":43,"column":60}},"22":{"start":{"line":44,"column":18},"end":{"line":44,"column":30}},"23":{"start":{"line":45,"column":2},"end":{"line":95,"column":4}},"24":{"start":{"line":58,"column":34},"end":{"line":58,"column":61}},"25":{"start":{"line":81,"column":31},"end":{"line":81,"column":83}}},"fnMap":{"0":{"name":"(anonymous_0)","decl":{"start":{"line":8,"column":17},"end":{"line":8,"column":18}},"loc":{"start":{"line":8,"column":64},"end":{"line":14,"column":1}},"line":8},"1":{"name":"(anonymous_1)","decl":{"start":{"line":18,"column":15},"end":{"line":18,"column":16}},"loc":{"start":{"line":18,"column":21},"end":{"line":96,"column":1}},"line":18},"2":{"name":"(anonymous_2)","decl":{"start":{"line":25,"column":12},"end":{"line":25,"column":13}},"loc":{"start":{"line":25,"column":18},"end":{"line":36,"column":3}},"line":25},"3":{"name":"(anonymous_3)","decl":{"start":{"line":30,"column":24},"end":{"line":30,"column":25}},"loc":{"start":{"line":30,"column":38},"end":{"line":35,"column":5}},"line":30},"4":{"name":"(anonymous_4)","decl":{"start":{"line":38,"column":22},"end":{"line":38,"column":23}},"loc":{"start":{"line":38,"column":33},"end":{"line":41,"column":3}},"line":38},"5":{"name":"(anonymous_5)","decl":{"start":{"line":43,"column":23},"end":{"line":43,"column":24}},"loc":{"start":{"line":43,"column":43},"end":{"line":43,"column":60}},"line":43},"6":{"name":"(anonymous_6)","decl":{"start":{"line":58,"column":27},"end":{"line":58,"column":28}},"loc":{"start":{"line":58,"column":34},"end":{"line":58,"column":61}},"line":58},"7":{"name":"(anonymous_7)","decl":{"start":{"line":81,"column":24},"end":{"line":81,"column":25}},"loc":{"start":{"line":81,"column":31},"end":{"line":81,"column":83}},"line":81}},"branchMap":{},"s":{"0":0,"1":0,"2":0,"3":0,"4":0,"5":0,"6":0,"7":0,"8":0,"9":0,"10":0,"11":0,"12":0,"13":0,"14":0,"15":0,"16":0,"17":0,"18":0,"19":0,"20":0,"21":0,"22":0,"23":0,"24":0,"25":0},"f":{"0":0,"1":0,"2":0,"3":0,"4":0,"5":0,"6":0,"7":0},"b":{},"hash":"4a01bd560ad237aaa977590516e3d28114a603e3"}
,"/home/igor/projetos_trybe/sd-04-project-trybeer-v2/front-end/src/pages/Register.jsx": {"path":"/home/igor/projetos_trybe/sd-04-project-trybeer-v2/front-end/src/pages/Register.jsx","statementMap":{"0":{"start":{"line":6,"column":26},"end":{"line":6,"column":38}},"1":{"start":{"line":7,"column":28},"end":{"line":7,"column":40}},"2":{"start":{"line":8,"column":34},"end":{"line":8,"column":46}},"3":{"start":{"line":9,"column":34},"end":{"line":9,"column":49}},"4":{"start":{"line":10,"column":32},"end":{"line":10,"column":44}},"5":{"start":{"line":13,"column":19},"end":{"line":18,"column":3}},"6":{"start":{"line":14,"column":4},"end":{"line":16,"column":5}},"7":{"start":{"line":15,"column":6},"end":{"line":15,"column":75}},"8":{"start":{"line":17,"column":4},"end":{"line":17,"column":69}},"9":{"start":{"line":22,"column":19},"end":{"line":33,"column":3}},"10":{"start":{"line":23,"column":4},"end":{"line":23,"column":27}},"11":{"start":{"line":24,"column":4},"end":{"line":32,"column":57}},"12":{"start":{"line":31,"column":18},"end":{"line":31,"column":28}},"13":{"start":{"line":32,"column":20},"end":{"line":32,"column":55}},"14":{"start":{"line":35,"column":2},"end":{"line":119,"column":4}},"15":{"start":{"line":38,"column":34},"end":{"line":38,"column":49}},"16":{"start":{"line":51,"column":34},"end":{"line":51,"column":57}},"17":{"start":{"line":69,"column":34},"end":{"line":69,"column":58}},"18":{"start":{"line":87,"column":34},"end":{"line":87,"column":61}},"19":{"start":{"line":103,"column":34},"end":{"line":103,"column":63}}},"fnMap":{"0":{"name":"Register","decl":{"start":{"line":5,"column":9},"end":{"line":5,"column":17}},"loc":{"start":{"line":5,"column":20},"end":{"line":120,"column":1}},"line":5},"1":{"name":"(anonymous_1)","decl":{"start":{"line":13,"column":19},"end":{"line":13,"column":20}},"loc":{"start":{"line":13,"column":25},"end":{"line":18,"column":3}},"line":13},"2":{"name":"(anonymous_2)","decl":{"start":{"line":22,"column":19},"end":{"line":22,"column":20}},"loc":{"start":{"line":22,"column":36},"end":{"line":33,"column":3}},"line":22},"3":{"name":"(anonymous_3)","decl":{"start":{"line":31,"column":12},"end":{"line":31,"column":13}},"loc":{"start":{"line":31,"column":18},"end":{"line":31,"column":28}},"line":31},"4":{"name":"(anonymous_4)","decl":{"start":{"line":32,"column":13},"end":{"line":32,"column":14}},"loc":{"start":{"line":32,"column":20},"end":{"line":32,"column":55}},"line":32},"5":{"name":"(anonymous_5)","decl":{"start":{"line":38,"column":23},"end":{"line":38,"column":24}},"loc":{"start":{"line":38,"column":34},"end":{"line":38,"column":49}},"line":38},"6":{"name":"(anonymous_6)","decl":{"start":{"line":51,"column":27},"end":{"line":51,"column":28}},"loc":{"start":{"line":51,"column":34},"end":{"line":51,"column":57}},"line":51},"7":{"name":"(anonymous_7)","decl":{"start":{"line":69,"column":27},"end":{"line":69,"column":28}},"loc":{"start":{"line":69,"column":34},"end":{"line":69,"column":58}},"line":69},"8":{"name":"(anonymous_8)","decl":{"start":{"line":87,"column":27},"end":{"line":87,"column":28}},"loc":{"start":{"line":87,"column":34},"end":{"line":87,"column":61}},"line":87},"9":{"name":"(anonymous_9)","decl":{"start":{"line":103,"column":27},"end":{"line":103,"column":28}},"loc":{"start":{"line":103,"column":34},"end":{"line":103,"column":63}},"line":103}},"branchMap":{"0":{"loc":{"start":{"line":14,"column":4},"end":{"line":16,"column":5}},"type":"if","locations":[{"start":{"line":14,"column":4},"end":{"line":16,"column":5}},{"start":{"line":14,"column":4},"end":{"line":16,"column":5}}],"line":14},"1":{"loc":{"start":{"line":111,"column":23},"end":{"line":111,"column":95}},"type":"binary-expr","locations":[{"start":{"line":111,"column":23},"end":{"line":111,"column":41}},{"start":{"line":111,"column":45},"end":{"line":111,"column":65}},{"start":{"line":111,"column":69},"end":{"line":111,"column":95}}],"line":111}},"s":{"0":0,"1":0,"2":0,"3":0,"4":0,"5":0,"6":0,"7":0,"8":0,"9":0,"10":0,"11":0,"12":0,"13":0,"14":0,"15":0,"16":0,"17":0,"18":0,"19":0},"f":{"0":0,"1":0,"2":0,"3":0,"4":0,"5":0,"6":0,"7":0,"8":0,"9":0},"b":{"0":[0,0],"1":[0,0,0]},"hash":"69f87596e44357d45cdbef7fbcc33d409ccadee7"}
,"/home/igor/projetos_trybe/sd-04-project-trybeer-v2/front-end/src/pages/test.jsx": {"path":"/home/igor/projetos_trybe/sd-04-project-trybeer-v2/front-end/src/pages/test.jsx","statementMap":{"0":{"start":{"line":10,"column":13},"end":{"line":14,"column":1}},"1":{"start":{"line":11,"column":2},"end":{"line":13,"column":8}}},"fnMap":{"0":{"name":"(anonymous_0)","decl":{"start":{"line":10,"column":13},"end":{"line":10,"column":14}},"loc":{"start":{"line":11,"column":2},"end":{"line":13,"column":8}},"line":11}},"branchMap":{},"s":{"0":0,"1":0},"f":{"0":0},"b":{},"hash":"c49aed27beacfc63c1db48ebdccb9b0b3c11132a"}
,"/home/igor/projetos_trybe/sd-04-project-trybeer-v2/front-end/src/pages/admin/Orders.jsx": {"path":"/home/igor/projetos_trybe/sd-04-project-trybeer-v2/front-end/src/pages/admin/Orders.jsx","statementMap":{"0":{"start":{"line":7,"column":15},"end":{"line":47,"column":1}},"1":{"start":{"line":8,"column":25},"end":{"line":8,"column":65}},"2":{"start":{"line":9,"column":15},"end":{"line":9,"column":16}},"3":{"start":{"line":10,"column":19},"end":{"line":10,"column":23}},"4":{"start":{"line":12,"column":2},"end":{"line":19,"column":3}},"5":{"start":{"line":13,"column":4},"end":{"line":18,"column":6}},"6":{"start":{"line":21,"column":2},"end":{"line":46,"column":4}},"7":{"start":{"line":28,"column":12},"end":{"line":28,"column":28}},"8":{"start":{"line":31,"column":16},"end":{"line":31,"column":21}},"9":{"start":{"line":32,"column":31},"end":{"line":32,"column":71}},"10":{"start":{"line":33,"column":12},"end":{"line":41,"column":14}}},"fnMap":{"0":{"name":"(anonymous_0)","decl":{"start":{"line":7,"column":15},"end":{"line":7,"column":16}},"loc":{"start":{"line":7,"column":21},"end":{"line":47,"column":1}},"line":7},"1":{"name":"(anonymous_1)","decl":{"start":{"line":27,"column":30},"end":{"line":27,"column":31}},"loc":{"start":{"line":27,"column":41},"end":{"line":42,"column":11}},"line":27}},"branchMap":{"0":{"loc":{"start":{"line":12,"column":2},"end":{"line":19,"column":3}},"type":"if","locations":[{"start":{"line":12,"column":2},"end":{"line":19,"column":3}},{"start":{"line":12,"column":2},"end":{"line":19,"column":3}}],"line":12}},"s":{"0":0,"1":0,"2":0,"3":0,"4":0,"5":0,"6":0,"7":0,"8":0,"9":0,"10":0},"f":{"0":0,"1":0},"b":{"0":[0,0]},"hash":"7f04ddade6de9e1481a9642df663912a0927d726"}
,"/home/igor/projetos_trybe/sd-04-project-trybeer-v2/front-end/src/pages/admin/Profile.jsx": {"path":"/home/igor/projetos_trybe/sd-04-project-trybeer-v2/front-end/src/pages/admin/Profile.jsx","statementMap":{"0":{"start":{"line":6,"column":16},"end":{"line":28,"column":1}},"1":{"start":{"line":7,"column":18},"end":{"line":7,"column":30}},"2":{"start":{"line":8,"column":25},"end":{"line":8,"column":65}},"3":{"start":{"line":10,"column":2},"end":{"line":13,"column":3}},"4":{"start":{"line":11,"column":4},"end":{"line":11,"column":21}},"5":{"start":{"line":12,"column":4},"end":{"line":12,"column":19}},"6":{"start":{"line":14,"column":26},"end":{"line":14,"column":40}},"7":{"start":{"line":16,"column":2},"end":{"line":27,"column":4}}},"fnMap":{"0":{"name":"(anonymous_0)","decl":{"start":{"line":6,"column":16},"end":{"line":6,"column":17}},"loc":{"start":{"line":6,"column":22},"end":{"line":28,"column":1}},"line":6}},"branchMap":{"0":{"loc":{"start":{"line":10,"column":2},"end":{"line":13,"column":3}},"type":"if","locations":[{"start":{"line":10,"column":2},"end":{"line":13,"column":3}},{"start":{"line":10,"column":2},"end":{"line":13,"column":3}}],"line":10}},"s":{"0":0,"1":0,"2":0,"3":0,"4":0,"5":0,"6":0,"7":0},"f":{"0":0},"b":{"0":[0,0]},"hash":"8d606359b7b430733563e86a00aece3cc6c3f3b5"}
,"/home/igor/projetos_trybe/sd-04-project-trybeer-v2/front-end/src/services/api.js": {"path":"/home/igor/projetos_trybe/sd-04-project-trybeer-v2/front-end/src/services/api.js","statementMap":{"0":{"start":{"line":3,"column":12},"end":{"line":5,"column":2}}},"fnMap":{},"branchMap":{},"s":{"0":1},"f":{},"b":{},"_coverageSchema":"43e27e138ebf9cfc5966b082cf9a028302ed4184","hash":"594693fbea75039bb53269415a64eef6aa520a3a"}
,"/home/igor/projetos_trybe/sd-04-project-trybeer-v2/front-end/src/tests/renderWithRouter.js": {"path":"/home/igor/projetos_trybe/sd-04-project-trybeer-v2/front-end/src/tests/renderWithRouter.js","statementMap":{"0":{"start":{"line":6,"column":25},"end":{"line":12,"column":1}},"1":{"start":{"line":7,"column":18},"end":{"line":7,"column":39}},"2":{"start":{"line":8,"column":2},"end":{"line":11,"column":4}}},"fnMap":{"0":{"name":"(anonymous_0)","decl":{"start":{"line":6,"column":25},"end":{"line":6,"column":26}},"loc":{"start":{"line":6,"column":40},"end":{"line":12,"column":1}},"line":6}},"branchMap":{},"s":{"0":1,"1":4,"2":4},"f":{"0":4},"b":{},"_coverageSchema":"43e27e138ebf9cfc5966b082cf9a028302ed4184","hash":"ba17537b268a57b72d7a9cfb9256b563be401e84"}
,"/home/igor/projetos_trybe/sd-04-project-trybeer-v2/front-end/src/utils/inputValidations.js": {"path":"/home/igor/projetos_trybe/sd-04-project-trybeer-v2/front-end/src/utils/inputValidations.js","statementMap":{"0":{"start":{"line":1,"column":21},"end":{"line":1,"column":63}},"1":{"start":{"line":1,"column":31},"end":{"line":1,"column":63}},"2":{"start":{"line":2,"column":22},"end":{"line":2,"column":90}},"3":{"start":{"line":2,"column":33},"end":{"line":2,"column":90}},"4":{"start":{"line":3,"column":25},"end":{"line":3,"column":68}},"5":{"start":{"line":3,"column":39},"end":{"line":3,"column":68}},"6":{"start":{"line":5,"column":0},"end":{"line":9,"column":2}}},"fnMap":{"0":{"name":"(anonymous_0)","decl":{"start":{"line":1,"column":21},"end":{"line":1,"column":22}},"loc":{"start":{"line":1,"column":31},"end":{"line":1,"column":63}},"line":1},"1":{"name":"(anonymous_1)","decl":{"start":{"line":2,"column":22},"end":{"line":2,"column":23}},"loc":{"start":{"line":2,"column":33},"end":{"line":2,"column":90}},"line":2},"2":{"name":"(anonymous_2)","decl":{"start":{"line":3,"column":25},"end":{"line":3,"column":26}},"loc":{"start":{"line":3,"column":39},"end":{"line":3,"column":68}},"line":3}},"branchMap":{},"s":{"0":0,"1":0,"2":0,"3":0,"4":0,"5":0,"6":0},"f":{"0":0,"1":0,"2":0},"b":{},"hash":"0e59117cf000f2ae4e6989eedd0931ba9843cfc3"}
}
